\BOOKMARK [0][-]{section*.2}{\376\377\000A\000b\000b\000i\000l\000d\000u\000n\000g\000s\000v\000e\000r\000z\000e\000i\000c\000h\000n\000i\000s}{}% 1
\BOOKMARK [0][-]{section*.4}{\376\377\000T\000a\000b\000e\000l\000l\000e\000n\000v\000e\000r\000z\000e\000i\000c\000h\000n\000i\000s}{}% 2
\BOOKMARK [0][-]{chapter*.7}{\376\377\000L\000i\000s\000t\000i\000n\000g\000v\000e\000r\000z\000e\000i\000c\000h\000n\000i\000s}{}% 3
\BOOKMARK [0][-]{section*.8}{\376\377\000A\000b\000k\000\374\000r\000z\000u\000n\000g\000s\000v\000e\000r\000z\000e\000i\000c\000h\000n\000i\000s}{}% 4
\BOOKMARK [0][-]{chapter.1}{\376\377\000E\000i\000n\000l\000e\000i\000t\000u\000n\000g}{}% 5
\BOOKMARK [0][-]{chapter.2}{\376\377\000V\000e\000r\000s\000u\000c\000h\000\040\0001}{}% 6
\BOOKMARK [1][-]{section.2.1}{\376\377\000F\000r\000a\000g\000e\000s\000t\000e\000l\000l\000u\000n\000g\000,\000\040\000M\000e\000s\000s\000p\000r\000i\000n\000z\000i\000p\000,\000\040\000A\000u\000f\000b\000a\000u\000,\000\040\000M\000e\000s\000s\000m\000i\000t\000t\000e\000l}{chapter.2}% 7
\BOOKMARK [2][-]{subsection.2.1.1}{\376\377\000M\000e\000s\000s\000m\000i\000t\000t\000e\000l}{section.2.1}% 8
\BOOKMARK [2][-]{subsection.2.1.2}{\376\377\000M\000e\000s\000s\000p\000r\000i\000n\000z\000i\000p}{section.2.1}% 9
\BOOKMARK [2][-]{subsection.2.1.3}{\376\377\000A\000u\000f\000b\000a\000u}{section.2.1}% 10
\BOOKMARK [1][-]{section.2.2}{\376\377\000M\000e\000s\000s\000w\000e\000r\000t\000e}{chapter.2}% 11
\BOOKMARK [1][-]{section.2.3}{\376\377\000A\000u\000s\000w\000e\000r\000t\000u\000n\000g}{chapter.2}% 12
\BOOKMARK [1][-]{section.2.4}{\376\377\000I\000n\000t\000e\000r\000p\000r\000e\000t\000a\000t\000i\000o\000n}{chapter.2}% 13
\BOOKMARK [0][-]{chapter.3}{\376\377\000V\000e\000r\000s\000u\000c\000h\000\040\0002}{}% 14
\BOOKMARK [1][-]{section.3.1}{\376\377\000F\000r\000a\000g\000e\000s\000t\000e\000l\000l\000u\000n\000g\000,\000\040\000M\000e\000s\000s\000p\000r\000i\000n\000z\000i\000p\000,\000\040\000A\000u\000f\000b\000a\000u\000,\000\040\000M\000e\000s\000s\000m\000i\000t\000t\000e\000l}{chapter.3}% 15
\BOOKMARK [2][-]{subsection.3.1.1}{\376\377\000F\000r\000a\000g\000e\000s\000t\000e\000l\000l\000u\000n\000g}{section.3.1}% 16
\BOOKMARK [2][-]{subsection.3.1.2}{\376\377\000A\000u\000f\000b\000a\000u}{section.3.1}% 17
\BOOKMARK [2][-]{subsection.3.1.3}{\376\377\000M\000e\000s\000s\000m\000i\000t\000t\000e\000l}{section.3.1}% 18
\BOOKMARK [1][-]{section.3.2}{\376\377\000M\000e\000s\000s\000w\000e\000r\000t\000e}{chapter.3}% 19
\BOOKMARK [1][-]{section.3.3}{\376\377\000A\000u\000s\000w\000e\000r\000t\000u\000n\000g}{chapter.3}% 20
\BOOKMARK [1][-]{section.3.4}{\376\377\000I\000n\000t\000e\000r\000p\000r\000e\000t\000a\000t\000i\000o\000n}{chapter.3}% 21
\BOOKMARK [0][-]{chapter.4}{\376\377\000V\000e\000r\000s\000u\000c\000h\000\040\0003}{}% 22
\BOOKMARK [1][-]{section.4.1}{\376\377\000F\000r\000a\000g\000e\000s\000t\000e\000l\000l\000u\000n\000g\000,\000\040\000M\000e\000s\000s\000p\000r\000i\000n\000z\000i\000p\000,\000\040\000A\000u\000f\000b\000a\000u\000,\000\040\000M\000e\000s\000s\000m\000i\000t\000t\000e\000l}{chapter.4}% 23
\BOOKMARK [2][-]{subsection.4.1.1}{\376\377\000A\000u\000f\000b\000a\000u}{section.4.1}% 24
\BOOKMARK [1][-]{section.4.2}{\376\377\000M\000e\000s\000s\000w\000e\000r\000t\000e}{chapter.4}% 25
\BOOKMARK [1][-]{section.4.3}{\376\377\000A\000u\000s\000w\000e\000r\000t\000u\000n\000g}{chapter.4}% 26
\BOOKMARK [1][-]{section.4.4}{\376\377\000I\000n\000t\000e\000r\000p\000r\000e\000t\000a\000t\000i\000o\000n}{chapter.4}% 27
\BOOKMARK [0][-]{chapter.5}{\376\377\000V\000e\000r\000s\000u\000c\000h\000\040\0004}{}% 28
\BOOKMARK [1][-]{section.5.1}{\376\377\000F\000r\000a\000g\000e\000s\000t\000e\000l\000l\000u\000n\000g\000,\000\040\000M\000e\000s\000s\000p\000r\000i\000n\000z\000i\000p\000,\000\040\000A\000u\000f\000b\000a\000u\000,\000\040\000M\000e\000s\000s\000m\000i\000t\000t\000e\000l}{chapter.5}% 29
\BOOKMARK [1][-]{section.5.2}{\376\377\000M\000e\000s\000s\000w\000e\000r\000t\000e}{chapter.5}% 30
\BOOKMARK [1][-]{section.5.3}{\376\377\000A\000u\000s\000w\000e\000r\000t\000u\000n\000g}{chapter.5}% 31
\BOOKMARK [1][-]{section.5.4}{\376\377\000I\000n\000t\000e\000r\000p\000r\000e\000t\000a\000t\000i\000o\000n}{chapter.5}% 32
\BOOKMARK [0][-]{chapter*.12}{\376\377\000A\000n\000h\000a\000n\000g}{}% 33
\BOOKMARK [1][-]{section.6.1}{\376\377\000Q\000u\000e\000l\000l\000c\000o\000d\000e}{chapter*.12}% 34
\BOOKMARK [2][-]{subsection.6.1.1}{\376\377\000Q\000u\000e\000l\000l\000c\000o\000d\000e\000\040\000V\000e\000r\000s\000u\000c\000h\000\040\0001}{section.6.1}% 35
\BOOKMARK [2][-]{subsection.6.1.2}{\376\377\000Q\000u\000e\000l\000l\000c\000o\000d\000e\000\040\000V\000e\000r\000s\000u\000c\000h\000\040\0002}{section.6.1}% 36
\BOOKMARK [2][-]{subsection.6.1.3}{\376\377\000Q\000u\000e\000l\000l\000c\000o\000d\000e\000\040\000V\000e\000r\000s\000u\000c\000h\000\040\0003}{section.6.1}% 37
\BOOKMARK [2][-]{subsection.6.1.4}{\376\377\000Q\000u\000e\000l\000l\000c\000o\000d\000e\000\040\000V\000e\000r\000s\000u\000c\000h\000\040\0004}{section.6.1}% 38
\BOOKMARK [1][-]{section.6.2}{\376\377\000M\000e\000s\000s\000e\000r\000g\000e\000b\000n\000i\000s\000s\000e}{chapter*.12}% 39
